2018-03-14	11:22:25	[M2]Sent email [type_cancelled] to <leah@uxwebtech.com>: ERR
2018-03-14	11:22:25	[M2][error: Communication email failed] comm_type=type_cancelled, subscription_id=26922, user_id=1
2018-03-14	11:22:25	[M2]Sent email [type_cancelled] to <leah@uxwebtech.com>: ERR
2018-03-14	11:22:25	[M2][error: Communication email failed] comm_type=type_cancelled, subscription_id=27064, user_id=1
2018-03-14	12:22:19	[M2]Sent email [type_cancelled] to <leah@uxwebtech.com>: ERR
2018-03-14	12:22:19	[M2][error: Communication email failed] comm_type=type_cancelled, subscription_id=26922, user_id=1
2018-03-14	13:24:38	[M2]Sent email [type_finished] to <ytp2009@gmail.com>: ERR
2018-03-14	13:24:38	[M2][error: Communication email failed] comm_type=type_finished, subscription_id=24943, user_id=25
2018-03-14	17:30:54	[M2]Sent email [type_cancelled] to <leah@uxwebtech.com>: ERR
2018-03-14	17:30:54	[M2][error: Communication email failed] comm_type=type_cancelled, subscription_id=26922, user_id=1
2018-03-14	18:21:35	[M2][error: Communication email failed] comm_type=type_cancelled, subscription_id=0, user_id=0
2018-03-14	19:29:07	[M2]Sent email [type_finished] to <ytp2009@gmail.com>: ERR
2018-03-14	19:29:07	[M2][error: Communication email failed] comm_type=type_finished, subscription_id=24943, user_id=25
2018-03-15	01:27:25	[M2]Sent email [type_finished] to <ytp2009@gmail.com>: ERR
2018-03-15	01:27:25	[M2][error: Communication email failed] comm_type=type_finished, subscription_id=24943, user_id=25
2018-03-15	07:21:47	[M2][error: Communication email failed] comm_type=type_cancelled, subscription_id=0, user_id=0
2018-03-15	07:21:47	[M2][error: Communication email failed] comm_type=type_cancelled, subscription_id=0, user_id=0
2018-03-15	07:21:47	[M2]Sent email [type_finished] to <ytp2009@gmail.com>: ERR
2018-03-15	07:21:47	[M2][error: Communication email failed] comm_type=type_finished, subscription_id=24943, user_id=25
2018-03-15	09:12:54	[M2]Sent email [type_registration] to <tylerratz@gmail.com>: OK
2018-03-15	12:52:32	[M2]Sent email [type_registration] to <dietgirlfitness@gmail.com>: OK
2018-03-15	13:22:07	[M2]Sent email [type_finished] to <ytp2009@gmail.com>: ERR
2018-03-15	13:22:07	[M2][error: Communication email failed] comm_type=type_finished, subscription_id=24943, user_id=25
2018-03-15	19:21:01	[M2]Sent email [type_finished] to <ytp2009@gmail.com>: OK
2018-03-16	01:59:36	[M2]Sent email [type_finished] to <ytp2009@gmail.com>: OK
2018-03-16	07:36:33	[M2]Sent email [type_finished] to <ytp2009@gmail.com>: OK
2018-03-16	13:33:15	[M2]Sent email [type_finished] to <ytp2009@gmail.com>: OK
2018-03-16	21:11:10	[M2]Sent email [type_finished] to <ytp2009@gmail.com>: OK
2018-03-17	01:44:53	[M2]Sent email [type_finished] to <ytp2009@gmail.com>: OK
2018-03-17	07:28:44	[M2]Sent email [type_finished] to <ytp2009@gmail.com>: OK
2018-03-17	13:25:20	[M2]Sent email [type_finished] to <ytp2009@gmail.com>: OK
2018-03-17	20:35:50	[M2]Sent email [type_finished] to <ytp2009@gmail.com>: OK
2018-03-18	02:44:30	[M2]Sent email [type_finished] to <ytp2009@gmail.com>: OK
2018-03-18	16:32:41	[M2]Sent email [type_finished] to <ytp2009@gmail.com>: OK
2018-03-18	19:25:55	[M2]Sent email [type_finished] to <ytp2009@gmail.com>: OK
2018-03-19	01:27:25	[M2]Sent email [type_finished] to <ytp2009@gmail.com>: OK
2018-03-19	07:21:29	[M2]Sent email [type_finished] to <ytp2009@gmail.com>: OK
2018-03-19	13:33:15	[M2]Sent email [type_finished] to <ytp2009@gmail.com>: OK
2018-03-19	19:25:48	[M2]Sent email [type_finished] to <ytp2009@gmail.com>: OK
2018-03-20	01:44:19	[M2]Sent email [type_finished] to <ytp2009@gmail.com>: OK
2018-03-20	07:24:23	[M2]Sent email [type_finished] to <ytp2009@gmail.com>: OK
2018-03-20	11:44:25	[M2]Sent email [type_registration] to <leah.akbashev@gmail.com>: OK
2018-03-20	12:12:43	[M2]Sent email [type_registration] to <test12@gmail.com>: OK
2018-03-20	12:58:17	[M2]Sent email [type_registration] to <leah.akbashev@gmail.com>: OK
2018-03-20	13:16:32	[M2]Sent email [type_registration] to <leahtest@gmail.com>: OK
2018-03-20	13:21:10	[M2]Sent email [type_finished] to <ytp2009@gmail.com>: OK
2018-03-20	20:45:09	[M2]Sent email [type_finished] to <ytp2009@gmail.com>: OK
2018-03-21	01:33:34	[M2]Sent email [type_finished] to <ytp2009@gmail.com>: OK
2018-03-21	07:22:01	[M2]Sent email [type_finished] to <ytp2009@gmail.com>: OK
2018-03-21	13:27:42	[M2]Sent email [type_finished] to <ytp2009@gmail.com>: OK
2018-03-21	19:27:16	[M2]Sent email [type_finished] to <ytp2009@gmail.com>: OK
2018-03-22	01:21:36	[M2]Sent email [type_finished] to <ytp2009@gmail.com>: OK
2018-03-22	07:27:10	[M2]Sent email [type_finished] to <ytp2009@gmail.com>: OK
2018-03-22	11:28:26	[M2] Mailchimp Error : cURL error 28: Operation timed out after 5001 milliseconds with 0 bytes received
2018-03-22	11:29:26	[M2]Sent email [type_registration] to <test12@gmail.com>: OK
2018-03-22	11:32:42	[M2]Sent email [type_registration] to <test123@gmail.com>: OK
2018-03-22	13:22:01	[M2]Sent email [type_finished] to <ytp2009@gmail.com>: OK
2018-03-22	19:27:26	[M2]Sent email [type_finished] to <ytp2009@gmail.com>: OK
2018-03-23	01:27:20	[M2]Sent email [type_finished] to <ytp2009@gmail.com>: OK
2018-03-23	07:27:21	[M2]Sent email [type_finished] to <ytp2009@gmail.com>: OK
2018-03-23	13:27:13	[M2]Sent email [type_finished] to <ytp2009@gmail.com>: OK
2018-03-23	19:27:14	[M2]Sent email [type_finished] to <ytp2009@gmail.com>: OK
2018-03-24	03:04:27	[M2]Sent email [type_finished] to <ytp2009@gmail.com>: OK
2018-03-24	07:27:31	[M2]Sent email [type_finished] to <ytp2009@gmail.com>: OK
2018-03-24	13:27:20	[M2]Sent email [type_finished] to <ytp2009@gmail.com>: OK
2018-03-24	19:27:14	[M2]Sent email [type_finished] to <ytp2009@gmail.com>: OK
2018-03-25	02:52:58	[M2]Sent email [type_finished] to <ytp2009@gmail.com>: OK
2018-03-25	07:21:20	[M2]Sent email [type_finished] to <ytp2009@gmail.com>: OK
2018-03-25	13:48:27	[M2]Sent email [type_finished] to <ytp2009@gmail.com>: OK
2018-03-25	20:30:58	[M2]Sent email [type_finished] to <ytp2009@gmail.com>: OK
2018-03-26	01:33:05	[M2]Sent email [type_finished] to <ytp2009@gmail.com>: OK
2018-03-27	04:16:48	[M2]Sent email [type_finished] to <ytp2009@gmail.com>: OK
2018-05-17	13:24:13	[M2]Sent email [type_finished] to <ytp2009@gmail.com>: OK
2018-05-17	19:40:22	[M2]Sent email [type_finished] to <ytp2009@gmail.com>: OK
2018-05-17	20:52:15	[M2] Mailchimp Error : Bad Request
2018-05-17	22:02:31	[M2] Mailchimp Error : Bad Request
2018-05-17	22:10:40	[M2] Mailchimp Error : Bad Request
2018-05-17	22:15:15	[M2] Mailchimp Error : Bad Request
2018-05-17	22:21:34	[M2]Sent email [type_registration] to <dina.websites@gmail.com>: OK
2018-05-17	22:25:03	[M2] Mailchimp Error : Bad Request
2018-05-17	22:26:35	[M2] Mailchimp Error : Bad Request
2018-05-17	22:28:24	[M2]Sent email [type_registration] to <dina.websites@gmail.com>: OK
2018-05-17	22:30:06	[M2] Mailchimp Error : Bad Request
2018-05-17	22:31:37	[M2]Sent email [type_registration] to <dina.websites@gmail.com>: OK
2018-05-17	22:32:41	[M2] Mailchimp Error : Bad Request
2018-05-17	22:38:00	[M2] Mailchimp Error : Bad Request
2018-05-17	22:49:05	[M2] Mailchimp Error : Bad Request
2018-05-17	22:51:18	[M2] Mailchimp Error : Bad Request
2018-05-18	01:26:28	[M2]Sent email [type_finished] to <ytp2009@gmail.com>: OK
2018-05-18	07:21:11	[M2]Sent email [type_finished] to <ytp2009@gmail.com>: OK
2018-05-18	13:41:41	[M2]Sent email [type_finished] to <ytp2009@gmail.com>: OK
2018-05-18	15:38:01	[M2] Mailchimp Error : Bad Request
2018-05-18	15:38:07	[M2] Mailchimp Error : Bad Request
2018-05-18	15:46:49	[M2]Sent email [type_registration] to <test@test.com>: OK
2018-05-18	15:46:52	[M2] Mailchimp Error : Bad Request
2018-05-18	19:55:06	[M2]Sent email [type_finished] to <ytp2009@gmail.com>: OK
2018-05-19	00:29:41	[M2]Sent email [type_before_trial_finishes] to <dietgirlfitness@gmail.com>: OK
2018-05-19	01:49:24	[M2]Sent email [type_finished] to <321test@gmail.com>: OK
2018-05-19	01:49:27	[M2]Sent email [type_finished] to <ytp2009@gmail.com>: OK
2018-05-19	06:39:43	[M2]Sent email [type_before_trial_finishes] to <dietgirlfitness@gmail.com>: OK
2018-05-19	07:48:12	[M2]Sent email [type_finished] to <ytp2009@gmail.com>: OK
2018-05-19	12:39:34	[M2]Sent email [type_before_trial_finishes] to <dietgirlfitness@gmail.com>: OK
2018-05-19	13:27:42	[M2]Sent email [type_finished] to <ytp2009@gmail.com>: OK
2018-05-19	19:21:20	[M2]Sent email [type_finished] to <ytp2009@gmail.com>: OK
2018-05-19	19:21:23	[M2]Sent email [type_before_trial_finishes] to <dietgirlfitness@gmail.com>: OK
2018-05-20	00:39:07	[M2]Sent email [type_invoice] to <yosef@uxwebservices.com>, <aharonungar@gmail.com>: OK
2018-05-20	07:02:10	[M2]Sent email [type_invoice] to <abtester5@aestudios.com>, <aharonungar@gmail.com>: OK
2018-05-20	13:19:19	[M2]Sent email [type_invoice] to <abtester3@aestudios.com>, <aharonungar@gmail.com>: OK
2018-05-20	18:39:18	[M2]Sent email [type_invoice] to <abtester4@aestudios.com>, <aharonungar@gmail.com>: OK
2018-05-21	01:22:37	[M2]Sent email [type_finished] to <ytp2009@gmail.com>: OK
2018-05-21	07:22:28	[M2]Sent email [type_finished] to <dietgirlfitness@gmail.com>: OK
2018-05-21	07:22:31	[M2]Sent email [type_finished] to <ytp2009@gmail.com>: OK
2018-05-21	13:21:24	[M2]Sent email [type_finished] to <ytp2009@gmail.com>: OK
2018-05-21	14:21:06	[M2]Sent email [type_invoice] to <abtester4@aestudios.com>, <aharonungar@gmail.com>: OK
2018-05-21	19:32:16	[M2]Sent email [type_finished] to <ytp2009@gmail.com>: OK
2018-05-22	01:32:14	[M2]Sent email [type_finished] to <ytp2009@gmail.com>: OK
2018-05-22	07:01:05	[M2]Sent email [type_registration] to <2test2@gmail.com>: OK
2018-05-22	07:32:12	[M2]Sent email [type_finished] to <ytp2009@gmail.com>: OK
2018-05-22	13:32:36	[M2]Sent email [type_finished] to <ytp2009@gmail.com>: OK
2018-05-22	19:32:21	[M2]Sent email [type_finished] to <ytp2009@gmail.com>: OK
2018-05-23	02:20:47	[M2]Sent email [type_finished] to <ytp2009@gmail.com>: OK
2018-05-23	07:22:00	[M2]Sent email [type_finished] to <ytp2009@gmail.com>: OK
2018-05-23	07:33:18	[M2] Mailchimp Error : Bad Request
2018-05-23	07:38:44	[M2] Mailchimp Error : Bad Request
2018-05-23	13:28:06	[M2]Sent email [type_finished] to <ytp2009@gmail.com>: OK
2018-05-23	19:21:12	[M2]Sent email [type_finished] to <ytp2009@gmail.com>: OK
2018-05-24	00:21:52	[M2]Sent email [type_before_trial_finishes] to <Georgem@hotmail.com>: OK
2018-05-24	00:21:55	[M2]Sent email [type_before_trial_finishes] to <jackb@hotmail.com>: OK
2018-05-24	01:23:25	[M2]Sent email [type_finished] to <ytp2009@gmail.com>: OK
2018-05-24	06:29:52	[M2]Sent email [type_before_trial_finishes] to <Georgem@hotmail.com>: OK
2018-05-24	06:29:54	[M2]Sent email [type_before_trial_finishes] to <jackb@hotmail.com>: OK
2018-05-24	08:07:26	[M2]Sent email [type_finished] to <ytp2009@gmail.com>: OK
2018-05-24	12:22:58	[M2]Sent email [type_before_trial_finishes] to <Georgem@hotmail.com>: OK
2018-05-24	12:23:00	[M2]Sent email [type_before_trial_finishes] to <jackb@hotmail.com>: OK
2018-05-24	13:28:25	[M2]Sent email [type_finished] to <ytp2009@gmail.com>: OK
2018-05-24	18:33:21	[M2]Sent email [type_before_trial_finishes] to <Georgem@hotmail.com>: OK
2018-05-24	18:33:24	[M2]Sent email [type_before_trial_finishes] to <jackb@hotmail.com>: OK
2018-05-24	19:21:20	[M2]Sent email [type_finished] to <ytp2009@gmail.com>: OK
2018-05-25	01:27:05	[M2]Sent email [type_finished] to <ytp2009@gmail.com>: OK
2018-05-25	07:56:11	[M2]Sent email [type_finished] to <ytp2009@gmail.com>: OK
2018-05-25	13:24:21	[M2]Sent email [type_finished] to <ytp2009@gmail.com>: OK
2018-05-25	16:21:10	[M2]Sent email [type_invoice] to <JENTEST@GMAIL.COM>, <aharonungar@gmail.com>: OK
2018-05-25	17:22:58	[M2]Sent email [type_invoice] to <JENTEST@GMAIL.COM>, <aharonungar@gmail.com>: OK
2018-05-25	18:27:44	[M2]Sent email [type_invoice] to <JENTEST@GMAIL.COM>, <aharonungar@gmail.com>: OK
2018-05-25	19:22:07	[M2]Sent email [type_finished] to <ytp2009@gmail.com>: OK
2018-05-25	19:22:09	[M2]Sent email [type_invoice] to <JENTEST@GMAIL.COM>, <aharonungar@gmail.com>: OK
2018-05-25	22:24:37	[M2]Sent email [type_invoice] to <JENTEST@GMAIL.COM>, <aharonungar@gmail.com>: OK
2018-05-26	00:25:33	[M2]Sent email [type_before_trial_finishes] to <john@gmail.com>: OK
2018-05-26	01:21:13	[M2]Sent email [type_finished] to <ytp2009@gmail.com>: OK
2018-05-26	04:03:54	[M2] Mailchimp Error : Bad Request
2018-05-26	04:04:01	[M2] Mailchimp Error : Bad Request
2018-05-26	04:24:03	[M2]Sent email [type_invoice] to <JENTEST@GMAIL.COM>, <aharonungar@gmail.com>: OK
2018-05-26	06:46:54	[M2]Sent email [type_before_trial_finishes] to <john@gmail.com>: OK
2018-05-26	07:33:18	[M2]Sent email [type_finished] to <Georgem@hotmail.com>: OK
2018-05-26	07:33:20	[M2]Sent email [type_finished] to <jackb@hotmail.com>: OK
2018-05-26	07:33:23	[M2]Sent email [type_finished] to <ytp2009@gmail.com>: OK
2018-05-26	12:22:11	[M2]Sent email [type_before_trial_finishes] to <john@gmail.com>: OK
2018-05-26	13:20:48	[M2]Sent email [type_finished] to <ytp2009@gmail.com>: OK
2018-05-26	15:23:03	[M2]Sent email [type_invoice] to <JENTEST@GMAIL.COM>, <aharonungar@gmail.com>: OK
2018-05-26	17:13:59	[M2] Mailchimp Error : Bad Request
2018-05-26	17:14:06	[M2] Mailchimp Error : Bad Request
2018-05-26	18:21:50	[M2]Sent email [type_before_trial_finishes] to <john@gmail.com>: OK
2018-05-26	19:21:26	[M2]Sent email [type_finished] to <ytp2009@gmail.com>: OK
2018-05-27	01:21:26	[M2]Sent email [type_finished] to <ytp2009@gmail.com>: OK
2018-05-27	03:29:54	[M2] Mailchimp Error : Bad Request
2018-05-27	03:30:01	[M2] Mailchimp Error : Bad Request
2018-05-27	07:30:01	[M2]Sent email [type_finished] to <ytp2009@gmail.com>: OK
2018-05-27	13:21:56	[M2]Sent email [type_finished] to <ytp2009@gmail.com>: OK
2018-05-27	14:10:50	[M2]Sent email [type_registration] to <aungar@aestudios.com>: OK
2018-05-27	14:21:41	[M2]Sent email [type_invoice] to <JENTEST@GMAIL.COM>, <aharonungar@gmail.com>: OK
2018-05-27	14:21:44	[M2]Sent email [type_invoice] to <aungar@aestudios.com>, <aharonungar@gmail.com>: OK
2018-05-27	15:21:13	[M2]Sent email [type_invoice] to <aungar@aestudios.com>, <aharonungar@gmail.com>: OK
2018-05-27	16:34:26	[M2]Sent email [type_invoice] to <aungar@aestudios.com>, <aharonungar@gmail.com>: OK
2018-05-27	17:21:24	[M2]Sent email [type_invoice] to <aungar@aestudios.com>, <aharonungar@gmail.com>: OK
2018-05-27	19:21:29	[M2]Sent email [type_finished] to <dietgirlfitness@gmail.com>: OK
2018-05-27	19:21:31	[M2]Sent email [type_finished] to <ytp2009@gmail.com>: OK
2018-05-27	20:21:22	[M2]Sent email [type_invoice] to <aungar@aestudios.com>, <aharonungar@gmail.com>: OK
2018-05-28	00:31:34	[M2]Sent email [type_before_trial_finishes] to <support@dietgirl.com>: OK
2018-05-28	01:21:10	[M2]Sent email [type_finished] to <aungartest4@awstudios.com>: OK
2018-05-28	01:21:12	[M2]Sent email [type_finished] to <ytp2009@gmail.com>: OK
2018-05-28	01:24:04	[M2] Mailchimp Error : Bad Request
2018-05-28	01:30:25	[M2]Sent email [type_registration] to <feldman6516603@gmail.com>: OK
2018-05-28	02:21:45	[M2]Sent email [type_invoice] to <feldman6516603@gmail.com>, <aharonungar@gmail.com>: OK
2018-05-28	02:21:48	[M2]Sent email [type_invoice] to <aungar@aestudios.com>, <aharonungar@gmail.com>: OK
2018-05-28	03:21:11	[M2]Sent email [type_invoice] to <feldman6516603@gmail.com>, <aharonungar@gmail.com>: OK
2018-05-28	05:23:52	[M2]Sent email [type_invoice] to <feldman6516603@gmail.com>, <aharonungar@gmail.com>: OK
2018-05-28	06:23:38	[M2]Sent email [type_before_trial_finishes] to <support@dietgirl.com>: OK
2018-05-28	07:20:45	[M2]Sent email [type_finished] to <john@gmail.com>: OK
2018-05-28	07:20:48	[M2]Sent email [type_finished] to <ytp2009@gmail.com>: OK
2018-05-28	07:20:50	[M2]Sent email [type_invoice] to <feldman6516603@gmail.com>, <aharonungar@gmail.com>: OK
2018-05-28	12:22:21	[M2]Sent email [type_before_trial_finishes] to <support@dietgirl.com>: OK
2018-05-28	13:21:10	[M2]Sent email [type_finished] to <ytp2009@gmail.com>: OK
2018-05-28	13:21:13	[M2]Sent email [type_invoice] to <feldman6516603@gmail.com>, <aharonungar@gmail.com>: OK
2018-05-28	13:21:16	[M2]Sent email [type_invoice] to <aungar@aestudios.com>, <aharonungar@gmail.com>: OK
2018-05-28	14:21:01	[M2]Sent email [type_invoice] to <JENTEST@GMAIL.COM>, <aharonungar@gmail.com>: OK
2018-05-28	18:25:01	[M2]Sent email [type_before_trial_finishes] to <support@dietgirl.com>: OK
2018-05-28	19:20:57	[M2]Sent email [type_finished] to <ytp2009@gmail.com>: OK
2018-05-29	00:22:30	[M2]Sent email [type_invoice] to <feldman6516603@gmail.com>, <aharonungar@gmail.com>: OK
2018-05-29	00:22:32	[M2]Sent email [type_before_trial_finishes] to <averyratz@gmail.com>: OK
2018-05-29	01:22:29	[M2]Sent email [type_finished] to <ytp2009@gmail.com>: OK
2018-05-29	06:22:14	[M2]Sent email [type_before_trial_finishes] to <averyratz@gmail.com>: OK
2018-05-29	07:23:12	[M2]Sent email [type_finished] to <ytp2009@gmail.com>: OK
2018-05-29	12:24:58	[M2]Sent email [type_invoice] to <aungar@aestudios.com>, <aharonungar@gmail.com>: OK
2018-05-29	12:25:00	[M2]Sent email [type_before_trial_finishes] to <averyratz@gmail.com>: OK
2018-05-29	13:07:52	[M2]Sent email [type_registration] to <yaelbungar@gmail.com>: OK
2018-05-29	13:22:39	[M2]Sent email [type_finished] to <ytp2009@gmail.com>: OK
2018-05-29	14:03:14	[M2]Sent email [type_registration] to <test10@gmail.com>: OK
2018-05-29	14:20:46	[M2]Sent email [type_invoice] to <JENTEST@GMAIL.COM>, <aharonungar@gmail.com>: OK
2018-05-29	14:31:38	[M2]Sent email [type_registration] to <test21@gmail.com>: OK
2018-05-29	15:24:32	[M2]Sent email [type_cancelled] to <feldman6516603@gmail.com>: OK
2018-05-29	16:23:56	[M2]Sent email [type_cancelled] to <aungar@aestudios.com>: OK
2018-05-29	16:23:58	[M2]Sent email [type_cancelled] to <JENTEST@GMAIL.COM>: OK
2018-05-29	18:23:09	[M2]Sent email [type_before_trial_finishes] to <averyratz@gmail.com>: OK
2018-05-29	19:21:10	[M2]Sent email [type_finished] to <ytp2009@gmail.com>: OK
2018-05-30	01:21:30	[M2]Sent email [type_finished] to <ytp2009@gmail.com>: OK
2018-05-30	07:20:47	[M2]Sent email [type_finished] to <ytp2009@gmail.com>: OK
2018-05-30	13:19:37	[M2]Sent email [type_registration] to <dubajicp@outlook.com>: OK
2018-05-30	13:20:49	[M2]Sent email [type_finished] to <ytp2009@gmail.com>: OK
2018-05-30	19:20:48	[M2]Sent email [type_finished] to <ytp2009@gmail.com>: OK
2018-05-31	01:23:47	[M2]Sent email [type_finished] to <ytp2009@gmail.com>: OK
2018-05-31	05:39:44	[M2]Sent email [type_registration] to <demoz@demo.com>: OK
2018-05-31	05:46:23	[M2]Sent email [type_registration] to <demoz@demo.com>: OK
2018-05-31	06:06:02	[M2]Sent email [type_registration] to <test1010@gmail.com>: OK
2018-05-31	07:11:23	[M2] Mailchimp Error : Bad Request
2018-05-31	07:29:19	[M2] Mailchimp Error : Bad Request
2018-05-31	07:33:52	[M2] Mailchimp Error : Bad Request
2018-05-31	07:37:09	[M2] Mailchimp Error : Bad Request
2018-05-31	07:40:23	[M2]Sent email [type_registration] to <feldman6516603@gmail.com>: OK
2018-05-31	07:45:14	[M2] Mailchimp Error : Bad Request
2018-05-31	07:57:10	[M2]Sent email [type_registration] to <feldman6516603@gmail.com>: OK
2018-05-31	08:07:28	[M2] Mailchimp Error : Bad Request
2018-05-31	08:10:02	[M2]Sent email [type_registration] to <feldman6516603@gmail.com>: OK
2018-05-31	08:20:47	[M2]Invalid user email. User_id: 101489, email: 
2018-05-31	08:20:47	[M2][error: Communication email failed] comm_type=type_cancelled, subscription_id=30391, user_id=101489
2018-05-31	08:20:47	[M2]Invalid user email. User_id: 101488, email: 
2018-05-31	08:20:47	[M2][error: Communication email failed] comm_type=type_invoice, subscription_id=30379, user_id=101488
2018-05-31	08:20:47	[M2]Invalid user email. User_id: 101489, email: 
2018-05-31	08:20:47	[M2][error: Communication email failed] comm_type=type_invoice, subscription_id=30391, user_id=101489
2018-05-31	08:20:49	[M2]Sent email [type_invoice] to <feldman6516603@gmail.com>, <aharonungar@gmail.com>: OK
2018-05-31	08:48:15	[M2] Mailchimp Error : Bad Request
2018-05-31	08:56:39	[M2] Mailchimp Error : Bad Request
2018-05-31	09:25:50	[M2]Invalid user email. User_id: 101490, email: 
2018-05-31	09:25:50	[M2][error: Communication email failed] comm_type=type_invoice, subscription_id=30409, user_id=101490
2018-05-31	09:44:00	[M2] Mailchimp Error : Bad Request
2018-05-31	09:45:08	[M2] Mailchimp Error : Bad Request
2018-05-31	09:46:24	[M2]Sent email [type_registration] to <feldman6516603@gmail.com>: OK
2018-05-31	10:23:11	[M2]Sent email [type_cancelled] to <feldman6516603@gmail.com>: OK
2018-05-31	10:23:13	[M2]Sent email [type_invoice] to <feldman6516603@gmail.com>, <aharonungar@gmail.com>: OK
2018-06-01	18:25:39	[M2]Sent email [type_finished] to <averyratz@gmail.com>: OK
2018-06-05	00:25:43	[M2]Sent email [type_cancelled] to <lil.dragon0802@gmail.com>: OK
2018-06-05	01:21:36	[M2]Sent email [type_cancelled] to <lil.dragon0802@gmail.com>: OK
2018-06-05	16:25:39	[M2]Sent email [type_cancelled] to <abigailmfriedrich20@gmail.com>: OK
2018-06-08	00:22:07	[M2]Sent email [type_finished] to <test12345@gmail.com>: OK
2018-06-08	01:22:08	[M2]Sent email [type_finished] to <test12345@gmail.com>: OK
2018-06-09	04:46:09	[M2]Sent email [type_registration] to <Coferj84@gmail.com>: OK
2018-06-09	05:23:06	[M2]Sent email [type_invoice] to <Coferj84@gmail.com>, <aharonungar@gmail.com>: OK
2018-06-09	06:21:34	[M2]Sent email [type_invoice] to <Coferj84@gmail.com>, <aharonungar@gmail.com>: OK
2018-06-09	08:22:27	[M2]Sent email [type_invoice] to <Coferj84@gmail.com>, <aharonungar@gmail.com>: OK
2018-06-09	11:20:47	[M2]Sent email [type_invoice] to <Coferj84@gmail.com>, <aharonungar@gmail.com>: OK
2018-06-09	13:22:09	[M2]Sent email [type_finished] to <ytp2009@gmail.com>: OK
2018-06-09	16:21:10	[M2]Sent email [type_cancelled] to <leigh.rene86@gmail.com>: OK
2018-06-09	16:21:12	[M2]Sent email [type_invoice] to <Coferj84@gmail.com>, <aharonungar@gmail.com>: OK
2018-06-10	04:22:59	[M2]Sent email [type_invoice] to <Coferj84@gmail.com>, <aharonungar@gmail.com>: OK
2018-06-10	07:20:47	[M2]Sent email [type_finished] to <ytp2009@gmail.com>: OK
2018-06-11	01:21:35	[M2]Sent email [type_finished] to <ytp2009@gmail.com>: OK
2018-06-11	02:28:38	[M2]Sent email [type_invoice] to <Coferj84@gmail.com>, <aharonungar@gmail.com>: OK
2018-06-11	06:44:25	[M2] Mailchimp Error : Bad Request
2018-06-11	08:05:47	[M2]Sent email [type_registration] to <12345@gmail.com>: OK
2018-06-11	12:54:01	[M2] Mailchimp Error : Bad Request
2018-06-11	13:20:45	[M2]Sent email [type_finished] to <ytp2009@gmail.com>: OK
2018-06-11	18:59:04	[M2] Mailchimp Error : Bad Request
2018-06-11	19:26:37	[M2]Sent email [type_finished] to <ytp2009@gmail.com>: OK
2018-06-12	00:56:04	[M2] Mailchimp Error : Bad Request
2018-06-12	01:21:20	[M2]Sent email [type_finished] to <yoseftst@mailinator.com>: OK
2018-06-12	01:21:23	[M2]Sent email [type_finished] to <ytp2009@gmail.com>: OK
2018-06-12	02:20:45	[M2]Sent email [type_invoice] to <Coferj84@gmail.com>, <aharonungar@gmail.com>: OK
2018-06-12	06:54:02	[M2] Mailchimp Error : Bad Request
2018-06-12	06:58:41	[M2]Manual invoice creation
2018-06-12	06:58:57	[M2]Manual invoice creation
2018-06-12	07:23:01	[M2]Sent email [type_invoice] to <Coferj84@gmail.com>, <aharonungar@gmail.com>: OK
2018-06-12	13:02:22	[M2] Mailchimp Error : Bad Request
2018-06-12	13:27:32	[M2]Sent email [type_finished] to <ytp2009@gmail.com>: OK
2018-06-12	18:59:33	[M2] Mailchimp Error : Bad Request
2018-06-12	19:20:54	[M2]Sent email [type_finished] to <ytp2009@gmail.com>: OK
2018-06-13	00:56:02	[M2] Mailchimp Error : Bad Request
2018-06-13	02:23:20	[M2]Sent email [type_invoice] to <Coferj84@gmail.com>, <aharonungar@gmail.com>: OK
2018-06-13	06:56:28	[M2] Mailchimp Error : Bad Request
2018-06-13	07:29:40	[M2]Sent email [type_finished] to <ytp2009@gmail.com>: OK
2018-06-13	12:55:57	[M2] Mailchimp Error : Bad Request
2018-06-13	18:58:10	[M2] Mailchimp Error : Bad Request
2018-06-14	00:58:55	[M2] Mailchimp Error : Bad Request
2018-06-14	01:21:01	[M2]Sent email [type_finished] to <ytp2009@gmail.com>: OK
2018-06-14	07:14:35	[M2] Mailchimp Error : Bad Request
2018-06-14	07:30:39	[M2]Sent email [type_finished] to <ytp2009@gmail.com>: OK
2018-06-14	13:32:31	[M2] Mailchimp Error : Bad Request
2018-06-14	14:21:36	[M2]Sent email [type_finished] to <ytp2009@gmail.com>: OK
2018-06-14	16:23:29	[M2]Sent email [type_cancelled] to <123abc@aol.com>: OK
2018-06-14	19:30:40	[M2] Mailchimp Error : Bad Request
2018-06-14	20:20:45	[M2]Sent email [type_finished] to <ytp2009@gmail.com>: OK
2018-06-15	01:32:07	[M2] Mailchimp Error : Bad Request
2018-06-15	02:27:39	[M2]Sent email [type_finished] to <ytp2009@gmail.com>: OK
2018-06-15	07:45:45	[M2] Mailchimp Error : Bad Request
2018-06-15	08:41:03	[M2]Sent email [type_finished] to <ytp2009@gmail.com>: OK
2018-06-15	13:57:26	[M2] Mailchimp Error : Bad Request
2018-06-15	14:21:28	[M2]Sent email [type_finished] to <ytp2009@gmail.com>: OK
2018-06-15	19:50:14	[M2] Mailchimp Error : Bad Request
2018-06-15	20:21:43	[M2]Sent email [type_finished] to <ytp2009@gmail.com>: OK
2018-06-16	01:54:57	[M2] Mailchimp Error : Bad Request
2018-06-16	02:23:18	[M2]Sent email [type_finished] to <ytp2009@gmail.com>: OK
2018-06-16	08:11:44	[M2] Mailchimp Error : Bad Request
2018-06-16	08:41:43	[M2]Sent email [type_finished] to <ytp2009@gmail.com>: OK
2018-06-16	14:20:26	[M2] Mailchimp Error : Bad Request
2018-06-16	14:21:09	[M2]Sent email [type_finished] to <ytp2009@gmail.com>: OK
2018-06-16	20:35:11	[M2] Mailchimp Error : Bad Request
2018-06-16	21:22:11	[M2]Sent email [type_finished] to <ytp2009@gmail.com>: OK
2018-06-17	02:12:22	[M2] Mailchimp Error : Bad Request
2018-06-17	02:21:35	[M2]Sent email [type_finished] to <tylerratz@gmail.com>: OK
2018-06-17	02:21:38	[M2]Sent email [type_finished] to <ytp2009@gmail.com>: OK
2018-06-17	04:09:58	[M2] Mailchimp Error : Bad Request
2018-06-17	04:10:06	[M2] Mailchimp Error : Bad Request
2018-06-17	08:12:34	[M2] Mailchimp Error : Bad Request
2018-06-17	08:21:32	[M2]Sent email [type_finished] to <ytp2009@gmail.com>: OK
2018-06-17	14:14:36	[M2] Mailchimp Error : Bad Request
2018-06-17	14:20:48	[M2]Sent email [type_finished] to <ytp2009@gmail.com>: OK
2018-06-17	20:15:09	[M2] Mailchimp Error : Bad Request
2018-06-17	20:21:28	[M2]Sent email [type_finished] to <veronne2@hotmail.com>: OK
2018-06-17	20:21:30	[M2]Sent email [type_finished] to <ytp2009@gmail.com>: OK
2018-06-18	02:16:17	[M2] Mailchimp Error : Bad Request
2018-06-18	02:21:46	[M2]Sent email [type_finished] to <ytp2009@gmail.com>: OK
2018-06-18	08:40:51	[M2] Mailchimp Error : Bad Request
2018-06-18	09:23:29	[M2]Sent email [type_finished] to <ytp2009@gmail.com>: OK
2018-06-18	11:50:54	[M2] Mailchimp Error : cURL error 28: Operation timed out after 5001 milliseconds with 0 bytes received
2018-06-18	11:51:21	[M2] Mailchimp Error : cURL error 28: Operation timed out after 5001 milliseconds with 0 bytes received
2018-06-18	12:01:20	[M2] Mailchimp Error : cURL error 28: Operation timed out after 5000 milliseconds with 0 bytes received
2018-06-18	12:01:48	[M2] Mailchimp Error : cURL error 28: Operation timed out after 5001 milliseconds with 0 bytes received
2018-06-18	14:24:48	[M2] Mailchimp Error : Bad Request
2018-06-18	15:22:06	[M2]Sent email [type_finished] to <ytp2009@gmail.com>: OK
2018-06-18	16:55:46	[M2] Mailchimp Error : Bad Request
2018-06-18	16:55:53	[M2] Mailchimp Error : Bad Request
2018-06-18	20:20:07	[M2] Mailchimp Error : Bad Request
2018-06-18	20:22:09	[M2]Sent email [type_finished] to <ytp2009@gmail.com>: OK
2018-06-19	02:21:25	[M2]Sent email [type_finished] to <test@test.com>: OK
2018-06-19	02:21:37	[M2] Mailchimp Error : Bad Request
2018-06-19	03:20:59	[M2]Sent email [type_finished] to <test@test.com>: OK
2018-06-19	03:21:01	[M2]Sent email [type_finished] to <ytp2009@gmail.com>: OK
2018-06-19	08:37:38	[M2] Mailchimp Error : Bad Request
2018-06-19	09:22:30	[M2]Sent email [type_finished] to <ytp2009@gmail.com>: OK
2018-06-19	14:37:31	[M2] Mailchimp Error : Bad Request
2018-06-19	16:21:28	[M2]Sent email [type_cancelled] to <jonilynn0522@gmail.com>: OK
2018-06-23	04:27:55	[M2]Sent email [type_finished] to <2test2@gmail.com>: OK
2018-06-24	05:24:31	[M2]Sent email [type_finished] to <yosef@uxwebservices.com>: OK
2018-06-27	17:48:55	[M2] Mailchimp Error : Bad Request
2018-06-28	15:50:48	[M2]Sent email [type_registration] to <kristyjosephson@yahoo.com>: OK
2018-06-28	15:50:55	[M2]Sent email [type_registration] to <kristyjosephson@yahoo.com>: OK
2018-06-29	02:23:59	[M2]Sent email [type_finished] to <delia@nctv.com>: OK
2018-06-29	02:24:01	[M2]Sent email [type_finished] to <Ktt7777@hotmail.com>: OK
2018-06-29	02:24:04	[M2]Sent email [type_finished] to <Bhutchinson@rtprides.org>: OK
2018-06-29	02:24:06	[M2]Sent email [type_finished] to <Pmat42@aol.com>: OK
2018-06-29	02:24:08	[M2]Sent email [type_finished] to <t.rogers.ms.7@gmail.com>: OK
2018-06-29	03:21:55	[M2]Sent email [type_finished] to <Jo77togo@yahoo.com>: OK
2018-06-29	03:21:58	[M2]Sent email [type_finished] to <danijelapopara@gmail.com>: OK
2018-06-29	03:22:00	[M2]Sent email [type_finished] to <power_of_three_22@yahoo.com>: OK
2018-06-29	03:22:02	[M2]Sent email [type_finished] to <PurePlimpton@gmail.com>: OK
2018-06-29	03:22:04	[M2]Sent email [type_finished] to <L.tanguay@yahoo.ca>: OK
2018-06-29	04:27:31	[M2]Sent email [type_finished] to <oumy_konate@yahoo.com>: OK
2018-06-29	04:27:33	[M2]Sent email [type_finished] to <inderjitkhangura2@gmail.com>: OK
2018-06-29	04:27:35	[M2]Sent email [type_finished] to <budzjac7@gmail.com>: OK
2018-06-29	04:27:38	[M2]Sent email [type_finished] to <Hitchiti14@gmail.com>: OK
2018-06-29	04:27:40	[M2]Sent email [type_finished] to <alu8890@yahoo.com>: OK
2018-06-29	05:23:50	[M2]Sent email [type_finished] to <Carlandlavita@gmail.com>: OK
2018-06-29	05:23:52	[M2]Sent email [type_finished] to <nastiawpmudev@gmail.com>: OK
2018-06-29	05:23:54	[M2]Sent email [type_finished] to <Deborah.fedele@gfs.com>: OK
2018-06-29	05:23:57	[M2]Sent email [type_finished] to <averyratz@gmail.com>: OK
2018-06-29	05:23:58	[M2]Sent email [type_finished] to <john@gmail.es>: ERR
2018-06-29	05:23:58	[M2][error: Communication email failed] comm_type=type_finished, subscription_id=27637, user_id=101194
2018-06-29	05:24:01	[M2]Sent email [type_finished] to <yoseftest@mailinator.com>: OK
2018-06-29	06:25:54	[M2]Sent email [type_finished] to <Rukhsarahmadi123@gmail.com>: OK
2018-06-29	06:25:56	[M2]Sent email [type_finished] to <Youstina401@gmail.com>: OK
2018-06-29	06:25:58	[M2]Sent email [type_finished] to <chambers.susie@yahoo.com>: OK
2018-06-29	06:26:01	[M2]Sent email [type_finished] to <Marytarnold01@gmail.com>: OK
2018-06-29	06:26:03	[M2]Sent email [type_finished] to <tina_21lovesyou@yahoo.com>: OK
2018-06-29	07:26:42	[M2]Sent email [type_finished] to <mrouchon6@gmail.com>: OK
2018-06-29	07:26:45	[M2]Sent email [type_finished] to <Mimigodin@hotmail.com>: OK
2018-06-29	07:26:47	[M2]Sent email [type_finished] to <Bellagarcia46@gmail.com>: OK
2018-06-29	07:26:50	[M2]Sent email [type_finished] to <dinaf@neto.net.il>: OK
2018-06-29	07:26:52	[M2]Sent email [type_finished] to <emiliegodbout@hotmail.com>: OK
2018-06-29	08:35:19	[M2] Mailchimp Error : Bad Request
2018-06-30	02:26:21	[M2]Sent email [type_finished] to <yaelbungar@gmail.com>: OK
2018-06-30	02:26:23	[M2]Sent email [type_finished] to <test10@gmail.com>: OK
2018-06-30	02:26:25	[M2]Sent email [type_finished] to <test21@gmail.com>: OK
